<?xml version="1.0" encoding="UTF-8"?>
<!-- Generated by org.testng.reporters.JUnitReportReporter -->
<testsuite hostname="MSI" failures="0" tests="2" name="phase2_practice_project.phase2_practice_project.modified" time="5.975" errors="0" timestamp="2023-12-21T09:06:45 IST" skipped="0">
  <testcase classname="phase2_practice_project.phase2_practice_project.modified" name="chromeTest" time="3.643"/>
  <system-out/>
  <testcase classname="phase2_practice_project.phase2_practice_project.modified" name="edgeTest" time="2.332"/>
  <system-out/>
</testsuite> <!-- phase2_practice_project.phase2_practice_project.modified -->
