<?xml version="1.0" encoding="UTF-8"?>
<!-- Generated by org.testng.reporters.JUnitReportReporter -->
<testsuite hostname="MSI" failures="0" tests="2" name="phase2_practice_project.phase2_practice_project.testing_webelements" time="14.643" errors="0" timestamp="2023-12-21T09:22:43 IST" skipped="0">
  <testcase classname="phase2_practice_project.phase2_practice_project.testing_webelements" name="chromeTest" time="8.099"/>
  <system-out/>
  <testcase classname="phase2_practice_project.phase2_practice_project.testing_webelements" name="edgeTest" time="6.544"/>
  <system-out/>
</testsuite> <!-- phase2_practice_project.phase2_practice_project.testing_webelements -->
