<?xml version="1.0" encoding="UTF-8"?>
<!-- Generated by org.testng.reporters.JUnitReportReporter -->
<testsuite hostname="MSI" failures="0" tests="1" name="phase2_practice_project.phase2_practice_project.NewTest" time="0.011" errors="0" timestamp="2023-12-20T17:08:02 IST" skipped="0">
  <testcase classname="phase2_practice_project.phase2_practice_project.NewTest" name="f" time="0.011"/>
  <system-out/>
</testsuite> <!-- phase2_practice_project.phase2_practice_project.NewTest -->
